{"logLevel":"debug","message":"multithreading is set to false"}
{"logLevel":"debug","message":"Using reflection to scan dependencies for gauge implementations..."}
{"logLevel":"debug","message":"gauge-java took 670milliseconds to load and scan. This should be less than 'runner_connection_timeout' config value."}
{"logLevel":"debug","message":"run 'gauge config runner_connection_timeout' and verify that it is < 670"}
{"logLevel":"debug","message":"starting gRPC server..."}
{"logLevel":"debug","message":"started gRPC server on port 54743"}
{"logLevel":"info","message":"Listening on port:54743"}
{"logLevel":"debug","message":"Scanning packages for steps"}
{"logLevel":"debug","message":"Comparing 'StepImplementation.kuponKoduDoldur' and 'StepImplementation.kuponKoduDoldur'"}
{"logLevel":"debug","message":"Found Kupon kodu:{} değeri doldur in current project scope."}
{"logLevel":"debug","message":"Comparing 'StepImplementation.kuponOnaylaBtn' and 'StepImplementation.kuponOnaylaBtn'"}
{"logLevel":"debug","message":"Found Kupon onayla butonu tıkla in current project scope."}
{"logLevel":"debug","message":"Comparing 'StepImplementation.addToCartBtn' and 'StepImplementation.addToCartBtn'"}
{"logLevel":"debug","message":"Found addToCart butonuna tıkla in current project scope."}
{"logLevel":"debug","message":"Comparing 'StepImplementation.getUrl' and 'StepImplementation.getUrl'"}
{"logLevel":"debug","message":"Found Check url contains {} in current project scope."}
{"logLevel":"debug","message":"Comparing 'StepImplementation.clickClothingBtn' and 'StepImplementation.clickClothingBtn'"}
{"logLevel":"debug","message":"Found Click clothing menu in current project scope."}
{"logLevel":"debug","message":"Comparing 'StepImplementation.urunDetayEkranTitle' and 'StepImplementation.urunDetayEkranTitle'"}
{"logLevel":"debug","message":"Found Urun Adı : {} kontrol in current project scope."}
{"logLevel":"debug","message":"Comparing 'StepImplementation.printPrices' and 'StepImplementation.printPrices'"}
{"logLevel":"debug","message":"Found Print prices in current project scope."}
{"logLevel":"debug","message":"Comparing 'StepImplementation.clickDiamondSportMenu' and 'StepImplementation.clickDiamondSportMenu'"}
{"logLevel":"debug","message":"Found DIAMOND SPORTS menüsünü aç in current project scope."}
{"logLevel":"debug","message":"Comparing 'StepImplementation.hataMesajKontrol' and 'StepImplementation.hataMesajKontrol'"}
{"logLevel":"debug","message":"Found Hata mesajı Metni kontrolü yapılır in current project scope."}
{"logLevel":"debug","message":"Comparing 'StepImplementation.urunFiyatDetayEkranKontrol' and 'StepImplementation.urunFiyatDetayEkranKontrol'"}
{"logLevel":"debug","message":"Found Urun Detay ekranında Urun Fiyat: {} kontrolü yapılır in current project scope."}
{"logLevel":"debug","message":"Comparing 'StepImplementation.findFirstDiscountedProduct' and 'StepImplementation.findFirstDiscountedProduct'"}
{"logLevel":"debug","message":"Found First discounted product in current project scope."}
{"logLevel":"debug","message":"Comparing 'StepImplementation.urunTikla' and 'StepImplementation.urunTikla'"}
{"logLevel":"debug","message":"Found Hitting 2.0 ürününe tıkla in current project scope."}
{"logLevel":"debug","message":"Comparing 'StepImplementation.closePopup' and 'StepImplementation.closePopup'"}
{"logLevel":"debug","message":"Found Popup close buton tıkla in current project scope."}
{"logLevel":"debug","message":"Comparing 'StepImplementation.cookieAcceptBtn' and 'StepImplementation.cookieAcceptBtn'"}
{"logLevel":"debug","message":"Found Cookies Accept tıkla in current project scope."}
{"logLevel":"debug","message":"Comparing 'StepImplementation.getTitleAndCheck' and 'StepImplementation.getTitleAndCheck'"}
{"logLevel":"debug","message":"Found Title :{} kontrol in current project scope."}
{"logLevel":"debug","message":"Comparing 'StepImplementation.addToCartIsEnabled' and 'StepImplementation.addToCartIsEnabled'"}
{"logLevel":"debug","message":"Found addToCart buton enable olduğu kontrol edilir in current project scope."}
{"logLevel":"debug","message":"Comparing 'StepImplementation.sepetTutar' and 'StepImplementation.sepetTutar'"}
{"logLevel":"debug","message":"Found Sepet tutar : {} kontrol in current project scope."}
{"logLevel":"debug","message":"Comparing 'StepImplementation.hoverWoman' and 'StepImplementation.hoverWoman'"}
{"logLevel":"debug","message":"Found hover on woman menu in current project scope."}
{"logLevel":"debug","message":"Comparing 'StepImplementation.urunStokNo' and 'StepImplementation.urunStokNo'"}
{"logLevel":"debug","message":"Found Urun Detay ekranında Stok  No:{} kontrol edilir in current project scope."}
{"logLevel":"debug","message":"Comparing 'StepImplementation.selectPlan' and 'StepImplementation.selectPlan'"}
{"logLevel":"debug","message":"Found Chose and option {} değeri seç in current project scope."}
{"logLevel":"debug","message":"Comparing 'StepImplementation.title' and 'StepImplementation.title'"}
{"logLevel":"debug","message":"Found Title : {} kontrol in current project scope."}
{"logLevel":"debug","message":"Scanning packages for hooks"}
{"logLevel":"debug","message":"Scanned steps (using static parsing + reflections): "}
{"logLevel":"debug","message":"\tFirst discounted product : public void findFirstDiscountedProduct()"}
{"logLevel":"debug","message":"\tUrun Detay ekranında Stok  No:{} kontrol edilir : public void urunStokNo(String text)"}
{"logLevel":"debug","message":"\tPopup close buton tıkla : public void closePopup() throws InterruptedException"}
{"logLevel":"debug","message":"\taddToCart butonuna tıkla : public void addToCartBtn()"}
{"logLevel":"debug","message":"\tCheck url contains {} : public void getUrl(String text)"}
{"logLevel":"debug","message":"\thover on woman menu : public void hoverWoman()"}
{"logLevel":"debug","message":"\tKupon onayla butonu tıkla : public void kuponOnaylaBtn() throws InterruptedException"}
{"logLevel":"debug","message":"\tCookies Accept tıkla : public void cookieAcceptBtn()"}
{"logLevel":"debug","message":"\tChose and option {} değeri seç : public void selectPlan(String text)"}
{"logLevel":"debug","message":"\tDIAMOND SPORTS menüsünü aç : public void clickDiamondSportMenu()"}
{"logLevel":"debug","message":"\tUrun Adı : {} kontrol : public void urunDetayEkranTitle(String text) throws InterruptedException"}
{"logLevel":"debug","message":"\tKupon kodu:{} değeri doldur : public void kuponKoduDoldur(String text) throws InterruptedException"}
{"logLevel":"debug","message":"\tUrun Detay ekranında Urun Fiyat: {} kontrolü yapılır : public void urunFiyatDetayEkranKontrol(String text) throws InterruptedException"}
{"logLevel":"debug","message":"\tPrint prices : public void printPrices()"}
{"logLevel":"debug","message":"\tHata mesajı Metni kontrolü yapılır : public void hataMesajKontrol() throws InterruptedException"}
{"logLevel":"debug","message":"\tTitle : {} kontrol : public void title(String text) throws InterruptedException"}
{"logLevel":"debug","message":"\tSepet tutar : {} kontrol : public void sepetTutar(String text) throws InterruptedException"}
{"logLevel":"debug","message":"\tClick clothing menu : public void clickClothingBtn()"}
{"logLevel":"debug","message":"\tHitting 2.0 ürününe tıkla : public void urunTikla()"}
{"logLevel":"debug","message":"\taddToCart buton enable olduğu kontrol edilir : public void addToCartIsEnabled()"}
{"logLevel":"debug","message":"\tTitle :{} kontrol : public void getTitleAndCheck(String text)"}
Starting ChromeDriver 89.0.4389.23 (61b08ee2c50024bab004e48d2b1b083cdbdac579-refs/branch-heads/4389@{#294}) on port 38676
Only local connections are allowed.
Please see https://chromedriver.chromium.org/security-considerations for suggestions on keeping ChromeDriver safe.
ChromeDriver was started successfully.
Mar 20, 2021 1:23:44 PM org.openqa.selenium.remote.ProtocolHandshake createSession
INFO: Detected dialect: W3C
{"logLevel":"debug","message":"Executing 'Title :{} kontrol' using 'class StepImplementation.getTitleAndCheck"}
{"logLevel":"debug","message":"Executing 'hover on woman menu' using 'class StepImplementation.hoverWoman"}
{"logLevel":"debug","message":"Executing 'Click clothing menu' using 'class StepImplementation.clickClothingBtn"}
{"logLevel":"debug","message":"Executing 'Check url contains {}' using 'class StepImplementation.getUrl"}
{"logLevel":"debug","message":"Executing 'First discounted product' using 'class StepImplementation.findFirstDiscountedProduct"}
First discounted product name : Siyah Yüksek Bel Skinny Jean Pantolon
{"logLevel":"debug","message":"Executing 'Print prices' using 'class StepImplementation.printPrices"}
[1 599 00 TL]
Old price: 1.599,00 TL
New price: 949,00 TL
