{"logLevel":"debug","message":"multithreading is set to false"}
{"logLevel":"debug","message":"Using reflection to scan dependencies for gauge implementations..."}
SLF4J: Failed to load class "org.slf4j.impl.StaticLoggerBinder".
SLF4J: Defaulting to no-operation (NOP) logger implementation
SLF4J: See http://www.slf4j.org/codes.html#StaticLoggerBinder for further details.
{"logLevel":"debug","message":"gauge-java took 858milliseconds to load and scan. This should be less than 'runner_connection_timeout' config value."}
{"logLevel":"debug","message":"run 'gauge config runner_connection_timeout' and verify that it is < 858"}
{"logLevel":"debug","message":"starting gRPC server..."}
{"logLevel":"debug","message":"started gRPC server on port 54686"}
{"logLevel":"info","message":"Listening on port:54686"}
{"logLevel":"debug","message":"Scanning packages for steps"}
{"logLevel":"debug","message":"Comparing 'StepImplementation.getUrl' and 'StepImplementation.getUrl'"}
{"logLevel":"debug","message":"Found Check url contains {} in current project scope."}
{"logLevel":"debug","message":"Comparing 'StepImplementation.getNthProduct' and 'StepImplementation.getNthProduct'"}
{"logLevel":"debug","message":"Found 5. ürün seçilir ve detay sayfasına gidilir in current project scope."}
{"logLevel":"debug","message":"Comparing 'StepImplementation.isEmptyCart' and 'StepImplementation.isEmptyCart'"}
{"logLevel":"debug","message":"Found Sepette ürün olmadığı doğrulanır in current project scope."}
{"logLevel":"debug","message":"Comparing 'StepImplementation.signInHover' and 'StepImplementation.signInHover'"}
{"logLevel":"debug","message":"Found Giriş yap tabının üstüne gelinir ve giriş yap butonuna tıklanır. in current project scope."}
{"logLevel":"debug","message":"Comparing 'StepImplementation.searchByTextOnSearchBox' and 'StepImplementation.searchByTextOnSearchBox'"}
{"logLevel":"debug","message":"Found Arama kısmına telefon yazılır ve arama yapılır in current project scope."}
{"logLevel":"debug","message":"Comparing 'StepImplementation.printPricesAndFormat' and 'StepImplementation.printPricesAndFormat'"}
{"logLevel":"debug","message":"Found Print prices in current project scope."}
{"logLevel":"debug","message":"Comparing 'StepImplementation.addToCart' and 'StepImplementation.addToCart'"}
{"logLevel":"debug","message":"Found Beğenilen ürün sepete eklenir in current project scope."}
{"logLevel":"debug","message":"Comparing 'StepImplementation.popUpControl' and 'StepImplementation.popUpControl'"}
{"logLevel":"debug","message":"Found Ürün listensine eklenir ve popup kontrolu yapılır in current project scope."}
{"logLevel":"debug","message":"Comparing 'StepImplementation.selectCategories' and 'StepImplementation.selectCategories'"}
{"logLevel":"debug","message":"Found Kategoriler secilir ve urunlerin listelendigi dogrulanir in current project scope."}
{"logLevel":"debug","message":"Comparing 'StepImplementation.req' and 'StepImplementation.req'"}
{"logLevel":"debug","message":"Found Kırık link kontrolü yapılır in current project scope."}
{"logLevel":"debug","message":"Comparing 'StepImplementation.goToCart' and 'StepImplementation.goToCart'"}
{"logLevel":"debug","message":"Found Sepetim sayfasına gidilir in current project scope."}
{"logLevel":"debug","message":"Comparing 'StepImplementation.waitBySecond' and 'StepImplementation.waitBySecond'"}
{"logLevel":"debug","message":"Found {} saniye bekle in current project scope."}
{"logLevel":"debug","message":"Comparing 'StepImplementation.deleteProduct' and 'StepImplementation.deleteProduct'"}
{"logLevel":"debug","message":"Found Sepete eklenen ürün kaldırılır in current project scope."}
{"logLevel":"debug","message":"Comparing 'StepImplementation.isProductAddedToCartPopupControl' and 'StepImplementation.isProductAddedToCartPopupControl'"}
{"logLevel":"debug","message":"Found Ürün sepete eklendi popup kontrolü yapılır in current project scope."}
{"logLevel":"debug","message":"Comparing 'StepImplementation.pagination' and 'StepImplementation.pagination'"}
{"logLevel":"debug","message":"Found ikinci sayfa acılır ve gosterimde oldugu dogrulanir in current project scope."}
{"logLevel":"debug","message":"Comparing 'StepImplementation.priceCompare' and 'StepImplementation.priceCompare'"}
{"logLevel":"debug","message":"Found Fiyat karşılaştırması yapılır in current project scope."}
{"logLevel":"debug","message":"Comparing 'StepImplementation.writeDiff' and 'StepImplementation.writeDiff'"}
{"logLevel":"debug","message":"Found Write difference value to txt file in current project scope."}
{"logLevel":"debug","message":"Comparing 'StepImplementation.sendUserNameAndPassword' and 'StepImplementation.sendUserNameAndPassword'"}
{"logLevel":"debug","message":"Found Kullanıcı adı , şifresi girilir ve giriş yap butonu tıklanır in current project scope."}
{"logLevel":"debug","message":"Comparing 'StepImplementation.getTitleAndCheck' and 'StepImplementation.getTitleAndCheck'"}
{"logLevel":"debug","message":"Found Sitenin açılıp açılmadığı kontrol edilir in current project scope."}
{"logLevel":"debug","message":"Comparing 'StepImplementation.like' and 'StepImplementation.like'"}
{"logLevel":"debug","message":"Found Ürün detayında beğen butonu tıklanır in current project scope."}
{"logLevel":"debug","message":"Comparing 'StepImplementation.goToLiked' and 'StepImplementation.goToLiked'"}
{"logLevel":"debug","message":"Found Kullanıcı panelindeki beğendiklerim tıklanır in current project scope."}
{"logLevel":"debug","message":"Scanning packages for hooks"}
{"logLevel":"debug","message":"Scanned steps (using static parsing + reflections): "}
{"logLevel":"debug","message":"\tBeğenilen ürün sepete eklenir : public void addToCart()"}
{"logLevel":"debug","message":"\tÜrün detayında beğen butonu tıklanır : public void like()"}
{"logLevel":"debug","message":"\tCheck url contains {} : public void getUrl(String text)"}
{"logLevel":"debug","message":"\tKategoriler secilir ve urunlerin listelendigi dogrulanir : public void selectCategories()"}
{"logLevel":"debug","message":"\tÜrün listensine eklenir ve popup kontrolu yapılır : public void popUpControl()"}
{"logLevel":"debug","message":"\tArama kısmına telefon yazılır ve arama yapılır : public void searchByTextOnSearchBox() throws InterruptedException"}
{"logLevel":"debug","message":"\tÜrün sepete eklendi popup kontrolü yapılır : public void isProductAddedToCartPopupControl()"}
{"logLevel":"debug","message":"\tSepete eklenen ürün kaldırılır : public void deleteProduct()"}
{"logLevel":"debug","message":"\tKırık link kontrolü yapılır : public void req() throws IOException"}
{"logLevel":"debug","message":"\tGiriş yap tabının üstüne gelinir ve giriş yap butonuna tıklanır. : public void signInHover() throws InterruptedException"}
{"logLevel":"debug","message":"\tFiyat karşılaştırması yapılır : public void priceCompare()"}
{"logLevel":"debug","message":"\tKullanıcı panelindeki beğendiklerim tıklanır : public void goToLiked() throws InterruptedException"}
{"logLevel":"debug","message":"\tSepette ürün olmadığı doğrulanır : public void isEmptyCart()"}
{"logLevel":"debug","message":"\tSitenin açılıp açılmadığı kontrol edilir : public void getTitleAndCheck()"}
{"logLevel":"debug","message":"\t{} saniye bekle : public void waitBySecond(ınt x)"}
{"logLevel":"debug","message":"\tPrint prices : public void printPricesAndFormat()"}
{"logLevel":"debug","message":"\tikinci sayfa acılır ve gosterimde oldugu dogrulanir : public void pagination()"}
{"logLevel":"debug","message":"\tWrite difference value to txt file : public void writeDiff() throws IOException"}
{"logLevel":"debug","message":"\t5. ürün seçilir ve detay sayfasına gidilir : public void getNthProduct()"}
{"logLevel":"debug","message":"\tSepetim sayfasına gidilir : public void goToCart() throws InterruptedException"}
{"logLevel":"debug","message":"\tKullanıcı adı , şifresi girilir ve giriş yap butonu tıklanır : public void sendUserNameAndPassword()"}
Starting ChromeDriver 91.0.4472.101 (af52a90bf87030dd1523486a1cd3ae25c5d76c9b-refs/branch-heads/4472@{#1462}) on port 23524
Only local connections are allowed.
Please see https://chromedriver.chromium.org/security-considerations for suggestions on keeping ChromeDriver safe.
ChromeDriver was started successfully.
[1624634875.908][WARNING]: Deprecated chrome option is ignored: useAutomationExtension
[1624634875.908][WARNING]: Deprecated chrome option is ignored: useAutomationExtension
Haz 25, 2021 6:27:56 PM org.openqa.selenium.remote.ProtocolHandshake createSession
INFO: Detected dialect: W3C
{"logLevel":"debug","message":"Executing 'Check url contains {}' using 'class StepImplementation.getUrl"}
{"logLevel":"debug","message":"Executing 'Sitenin açılıp açılmadığı kontrol edilir' using 'class StepImplementation.getTitleAndCheck"}
{"logLevel":"debug","message":"Executing 'Giriş yap tabının üstüne gelinir ve giriş yap butonuna tıklanır.' using 'class StepImplementation.signInHover"}
{"logLevel":"debug","message":"Executing 'Kullanıcı adı , şifresi girilir ve giriş yap butonu tıklanır' using 'class StepImplementation.sendUserNameAndPassword"}
kullanici adi girildi
abc
kullanici sifresi girildi
giris butonuna tiklandi
{"logLevel":"debug","message":"Executing 'Arama kısmına telefon yazılır ve arama yapılır' using 'class StepImplementation.searchByTextOnSearchBox"}
arama label'ina samsung yazildi
arama butonuna tiklandi
{"logLevel":"debug","message":"Executing 'Kırık link kontrolü yapılır' using 'class StepImplementation.req"}
4xx Client Errors # 0 https://www.hepsiburada.com/siparislerim
4xx Client Errors # 1 https://www.hepsiburada.com/gunun-firsati-teklifi
4xx Client Errors # 2 https://www.hepsiburada.com/kampanyalar/yurt-disindan-urunler?wt_int=hytop.yurtdisi.kampanya
4xx Client Errors # 4 https://www.hepsiburada.com/ayni-gun-kargo-teslimat
4xx Client Errors # 5 https://www.hepsiburada.com/kampanyalar
4xx Client Errors # 6 https://www.hepsiburada.com/girisimci-kadinlar
4xx Client Errors # 7 https://www.hepsiburada.com/cozummerkezi
4xx Client Errors # 8 https://www.hepsiburada.com/urunlerimi-nasil-satabilirim
4xx Client Errors # 9 https://www.hepsiburada.com/
4xx Client Errors # 11 https://efsanelerkulubu.hepsiburada.com/
4xx Client Errors # 12 https://www.hepsiburada.com/siparislerim
4xx Client Errors # 13 https://www.hepsiburada.com/cuzdanim
4xx Client Errors # 14 https://www.hepsiburada.com/hesabim
4xx Client Errors # 15 https://www.hepsiburada.com/yorumlarim/yorum-bekleyenler
4xx Client Errors # 16 https://www.hepsiburada.com/alisveris-listem
4xx Client Errors # 17 https://listelerim.hepsiburada.com/
4xx Client Errors # 18 https://hediyeceklerim.hepsiburada.com/
4xx Client Errors # 19 https://www.hepsiburada.com/cozummerkezi/destek-taleplerim
4xx Client Errors # 20 https://www.hepsiburada.com/uyelik/cikis?ReturnUrl=https%3A%2F%2Fwww.hepsiburada.com%2Fara%3Fq%3Dsamsung
4xx Client Errors # 21 https://checkout.hepsiburada.com/sepetim
4xx Client Errors # 22 https://www.hepsiburada.com/ara?q=samsung
4xx Client Errors # 23 https://www.hepsiburada.com/ara?q=samsung&kategori=2147483642
4xx Client Errors # 24 https://www.hepsiburada.com/ara?q=samsung&kategori=2147483646
4xx Client Errors # 25 https://www.hepsiburada.com/ara?q=samsung&kategori=2147483638
4xx Client Errors # 26 https://www.hepsiburada.com/ara?q=samsung&kategori=80079038
4xx Client Errors # 27 https://www.hepsiburada.com/ara?q=samsung&kategori=60002705
4xx Client Errors # 28 https://www.hepsiburada.com/ara?q=samsung&kategori=2147483637
4xx Client Errors # 29 https://www.hepsiburada.com/ara?q=samsung&kategori=2147483643
4xx Client Errors # 30 https://www.hepsiburada.com/ara?q=samsung&kategori=2147483606
4xx Client Errors # 31 https://www.hepsiburada.com/ara?q=samsung&kategori=60003054
4xx Client Errors # 32 https://www.hepsiburada.com/ara?q=samsung&kategori=60001546
4xx Client Errors # 33 https://www.hepsiburada.com/ara?q=samsung&kategori=60001501
4xx Client Errors # 34 https://www.hepsiburada.com/ara?q=samsung&kategori=60002028
4xx Client Errors # 49 https://www.hepsiburada.com/kampanyalar/ayin-en-cok-tercih-edilen-samsung-telefon-ve-tabletlerde-25-e-varan-indirim
4xx Client Errors # 50 https://www.hepsiburada.com/ara?q=samsung&filtreler=MainCategory.Id:60005201
4xx Client Errors # 51 https://www.hepsiburada.com/ara?q=samsung&filtreler=MainCategory.Id:163192
4xx Client Errors # 52 https://www.hepsiburada.com/ara?q=samsung&filtreler=MainCategory.Id:3008012
4xx Client Errors # 60 https://www.hepsiburada.com/samsung-galaxy-a21s-64-gb-samsung-turkiye-garantili-p-HBV00000V3WE7
4xx Client Errors # 61 https://www.hepsiburada.com/samsung-galaxy-m12-64-gb-samsung-turkiye-garantili-p-HBCV000006SBN2
4xx Client Errors # 62 https://www.hepsiburada.com/samsung-galaxy-a32-128-gb-samsung-turkiye-garantili-p-HBCV000005PKKF
4xx Client Errors # 63 https://www.hepsiburada.com/samsung-galaxy-a72-128-gb-samsung-turkiye-garantili-p-HBCV0000032V34
4xx Client Errors # 64 https://www.hepsiburada.com/samsung-galaxy-m12-128-gb-samsung-turkiye-garantili-p-HBCV000006SC7V
4xx Client Errors # 65 https://www.hepsiburada.com/samsung-galaxy-a12-64-gb-p-HBV000019D528
4xx Client Errors # 66 https://www.hepsiburada.com/samsung-galaxy-a52-128-gb-samsung-turkiye-garantili-p-HBCV0000032V30
4xx Client Errors # 67 https://www.hepsiburada.com/samsung-galaxy-a02s-32-gb-samsung-turkiye-garantili-p-HBV000019D523
4xx Client Errors # 68 https://www.hepsiburada.com/samsung-galaxy-a51-256-gb-samsung-turkiye-garantili-p-HBCV0000068860
4xx Client Errors # 69 https://www.hepsiburada.com/samsung-galaxy-s20-plus-128-gb-samsung-turkiye-garantili-p-HBV00000QW67E
4xx Client Errors # 70 https://www.hepsiburada.com/samsung-galaxy-a01-core-samsung-turkiye-garantili-p-HBV00001C8YVQ
4xx Client Errors # 71 https://www.hepsiburada.com/samsung-galaxy-a12-128-gb-p-HBV00001APNLD
4xx Client Errors # 72 https://www.hepsiburada.com/samsung-galaxy-s20-fe-128-gb-samsung-turkiye-garantili-p-HBV00000XKZ72
4xx Client Errors # 73 https://www.hepsiburada.com/samsung-galaxy-s20-128-gb-samsung-turkiye-garantili-p-HBV00000QXQIB
4xx Client Errors # 74 https://www.hepsiburada.com/samsung-galaxy-s20-fe-256-gb-samsung-turkiye-garantili-p-HBV0000104NCP
4xx Client Errors # 75 https://www.hepsiburada.com/samsung-galaxy-a02-32-gb-samsung-turkiye-garantili-p-HBCV000004LRLZ
4xx Client Errors # 76 https://www.hepsiburada.com/samsung-galaxy-z-flip-256-gb-samsung-turkiye-garantili-p-HBV00000RC5T1
4xx Client Errors # 77 https://www.hepsiburada.com/samsung-galaxy-a51-2020-128-gb-samsung-turkiye-garantili-p-HBV00000Q7L4Z
4xx Client Errors # 78 https://www.hepsiburada.com/samsung-galaxy-a02s-64-gb-samsung-turkiye-garantili-p-HBCV0000051EKO
4xx Client Errors # 79 https://www.hepsiburada.com/samsung-galaxy-s21-5g-128-gb-samsung-turkiye-garantili-p-HBV000017C1KJ
4xx Client Errors # 80 https://www.hepsiburada.com/samsung-galaxy-note-10-lite-128-gb-samsung-turkiye-garantili-p-HBV00000QXQIJ
4xx Client Errors # 81 https://www.hepsiburada.com/samsung-galaxy-a21s-128-gb-samsung-turkiye-garantili-p-HBCV0000032V2U
4xx Client Errors # 82 https://www.hepsiburada.com/samsung-galaxy-m31s-128-gb-samsung-turkiye-garantili-p-HBV00000XK8Z2
4xx Client Errors # 83 https://www.hepsiburada.com/samsung-galaxy-a71-2020-128-gb-samsung-turkiye-garantili-p-HBV00000RC5SP
4xx Client Errors # 84 https://www.hepsiburada.com/ara?q=samsung
4xx Client Errors # 85 https://www.hepsiburada.com/ara?q=samsung&sayfa=2
4xx Client Errors # 86 https://www.hepsiburada.com/ara?q=samsung&sayfa=3
4xx Client Errors # 87 https://www.hepsiburada.com/ara?q=samsung&sayfa=4
4xx Client Errors # 88 https://www.hepsiburada.com/ara?q=samsung&sayfa=5
4xx Client Errors # 89 https://www.hepsiburada.com/ara?q=samsung&sayfa=6
4xx Client Errors # 90 https://www.hepsiburada.com/ara?q=samsung&sayfa=7
4xx Client Errors # 91 https://www.hepsiburada.com/ara?q=samsung&sayfa=50
4xx Client Errors # 92 https://www.hepsiburada.com/
4xx Client Errors # 93 https://www.hepsiburada.com/siparislerim
4xx Client Errors # 94 https://www.hepsiburada.com/cozummerkezi
4xx Client Errors # 95 https://www.hepsiburada.com/ayni-gun-kargo-teslimat
4xx Client Errors # 96 https://www.hepsiburada.com/tek-tikla-guvenli-alisveris
4xx Client Errors # 97 https://www.hepsiburada.com/mobil-uygulamalar
4xx Client Errors # 98 https://www.hepsiburada.com/kolay-iade
4xx Client Errors # 99 https://www.hepsiburada.com/hakkimizda
4xx Client Errors # 100 https://www.hepsiburada.com/about-us
4xx Client Errors # 101 https://www.hepsiburada.com/islem-rehberi
4xx Client Errors # 102 https://www.hepsiburada.com/iletisim
4xx Client Errors # 103 https://www.hepsiburada.com/ayagina-gelsin/giris?ReturnUrl=/hesabim
4xx Client Errors # 104 https://www.hepsiburada.com/cozummerkezi
Valid Link # 105 https://twitter.com/HBAysenur
4xx Client Errors # 106 https://www.hepsiburada.com/mobil-uygulamalar
Valid Link # 107 https://e-sirket.mkk.com.tr/esir/Dashboard.jsp#/sirketbilgileri/11844
4xx Client Errors # 108 https://www.hepsiburada.com/guvenli-alisveris
4xx Client Errors # 109 https://www.hepsiburada.com/kisisel-verilerin-korunmasi
4xx Client Errors # 110 https://www.hepsiburada.com/is-sagligi-ve-guvenligi-cevre-politikamiz
4xx Client Errors # 111 https://www.hepsiburada.com/staticpage/13722338216187
4xx Client Errors # 112 https://www.hepsiburada.com/staticpage/73779239725318
Valid Link # 113 https://www.linkedin.com/jobs/search/?keywords=Hepsiburada.com&location=&locationId=tr%3A0
Valid Link # 115 https://b2b.hepsiburada.com/
Valid Link # 116 https://www.hepsipay.com/?utm_source=hepsiburada&utm_medium=affiliate&utm_campaign=footer_link
4xx Client Errors # 117 https://www.hepsiburada.com/staticPage/12027
4xx Client Errors # 118 https://www.hepsiburada.com/kampanyalar/girisimci-kadinlar
Valid Link # 119 https://hbmarketplace.secure.force.com/HepsimatApplicationForm/
4xx Client Errors # 120 https://www.hepsiburada.com/urunlerimi-nasil-satabilirim
4xx Client Errors # 121 https://www.hepsiburada.com/bilgisayarlar-c-2147483646
4xx Client Errors # 122 https://www.hepsiburada.com/ev-elektronik-urunleri-c-2147483638
4xx Client Errors # 123 https://www.hepsiburada.com/telefonlar-c-2147483642
4xx Client Errors # 124 https://www.hepsiburada.com/cep-telefonlari-c-371965
4xx Client Errors # 125 https://www.hepsiburada.com/beyaz-esya-mutfak-urunleri-c-2147483637
4xx Client Errors # 126 https://www.hepsiburada.com/foto-kameralari-c-2147483606
4xx Client Errors # 127 https://www.hepsiburada.com/spor-outdoor-urunleri-c-60001546
4xx Client Errors # 128 https://www.hepsiburada.com/giyim-ayakkabi-c-2147483636
4xx Client Errors # 129 https://www.hepsiburada.com/altin-taki-mucevherler-c-2147483617
4xx Client Errors # 130 https://www.hepsiburada.com/saat-gozluk-aksesuarlari-c-2147483632
4xx Client Errors # 131 https://www.hepsiburada.com/kozmetik-c-2147483603
4xx Client Errors # 132 https://www.hepsiburada.com/saglik-kisisel-bakim-urunleri-c-2147483633
4xx Client Errors # 133 https://www.hepsiburada.com/anne-bebek-oyuncak-c-2147483639
4xx Client Errors # 134 https://www.hepsiburada.com/oyuncaklar-c-23031884
4xx Client Errors # 135 https://www.hepsiburada.com/kitaplar-filmler-muzikler-c-60001501
4xx Client Errors # 136 https://www.hepsiburada.com/hobi-oyun-konsollari-c-60003054
4xx Client Errors # 137 https://www.hepsiburada.com/kirtasiye-ofis-urunleri-c-2147483643
4xx Client Errors # 138 https://www.hepsiburada.com/yapi-market-bahce-oto-c-60002705
4xx Client Errors # 139 https://www.hepsiburada.com/oto-lastikler-c-259720
4xx Client Errors # 140 https://www.hepsiburada.com/ev-dekorasyon-c-60002028
4xx Client Errors # 141 https://www.hepsiburada.com/mobilyalar-c-18021299
4xx Client Errors # 142 https://www.hepsiburada.com/pet-shop-c-2147483616
4xx Client Errors # 143 https://www.hepsiburada.com/supermarket-c-2147483619
4xx Client Errors # 144 https://www.hepsiburada.com/duvar-kagitlari-c-18042736
4xx Client Errors # 145 https://www.hepsiburada.com/casio/hesap-makineleri-c-15298
4xx Client Errors # 146 https://www.hepsiburada.com/led-tv-televizyonlar-c-163192
4xx Client Errors # 147 https://www.hepsiburada.com/parfumler-c-341406
4xx Client Errors # 148 https://www.hepsiburada.com/bebek-arabalari-c-60002064
4xx Client Errors # 149 https://www.hepsiburada.com/bebek-bezi-c-60001048
4xx Client Errors # 150 https://www.hepsiburada.com/iphone-xr-c-80651123
4xx Client Errors # 151 https://www.hepsiburada.com/iphone-xs-c-80651122
4xx Client Errors # 152 https://www.hepsiburada.com/iphone-xs-max-c-80651121
4xx Client Errors # 153 https://www.hepsiburada.com/iphone-7-c-80651129
4xx Client Errors # 154 https://www.hepsiburada.com/iphone-7-plus-c-80651128
4xx Client Errors # 155 https://www.hepsiburada.com/iphone-x-c-80651124
4xx Client Errors # 156 https://www.hepsiburada.com/iphone-se-c-80736000
4xx Client Errors # 157 https://www.hepsiburada.com/iphone-8-plus-c-80651126
4xx Client Errors # 158 https://www.hepsiburada.com/iphone-8-c-80651127
4xx Client Errors # 159 https://www.hepsiburada.com/iphone-11-c-80651136
4xx Client Errors # 160 https://www.hepsiburada.com/iphone-11-pro-c-80651135
4xx Client Errors # 161 https://www.hepsiburada.com/iphone-11-pro-max-c-80651134
4xx Client Errors # 162 https://www.hepsiburada.com/iphone-12-c-80769001
4xx Client Errors # 163 https://www.hepsiburada.com/iphone-12-pro-c-80769003
4xx Client Errors # 164 https://www.hepsiburada.com/iphone-12-mini-c-80769002
4xx Client Errors # 165 https://www.hepsiburada.com/iphone-12-pro-max-c-80769004
4xx Client Errors # 166 https://www.hepsiburada.com/samsung-galaxy-s9-64-gb-samsung-turkiye-garantili-pm-HB00000AJRAO
4xx Client Errors # 167 https://www.hepsiburada.com/samsung-galaxy-note-8-64-gb-samsung-turkiye-garantili-pm-HB000007PTJK
4xx Client Errors # 168 https://www.hepsiburada.com/samsung-galaxy-s20-128-gb-samsung-turkiye-garantili-pm-HB00000QXQI9
4xx Client Errors # 169 https://www.hepsiburada.com/samsung-galaxy-s20-plus-128-gb-samsung-turkiye-garantili-pm-HB00000QW67C
4xx Client Errors # 170 https://www.hepsiburada.com/samsung-galaxy-s20-ultra-128-gb-samsung-turkiye-garantili-pm-HB00000QW679
4xx Client Errors # 171 https://www.hepsiburada.com/samsung-galaxy-note-10-plus-256-gb-samsung-turkiye-garantili-pm-HB00000MK441
4xx Client Errors # 172 https://www.hepsiburada.com/samsung-galaxy-note-10-256-gb-samsung-turkiye-garantili-pm-HB00000M2S96
4xx Client Errors # 173 https://www.hepsiburada.com/samsung-galaxy-note-20-256-gb-samsung-turkiye-garantili-pm-HB00000VSED8
4xx Client Errors # 174 https://www.hepsiburada.com/samsung-galaxy-note-20-ultra-256-gb-samsung-turkiye-garantili-pm-HB00000VSGNO
4xx Client Errors # 175 https://www.hepsiburada.com/samsung-galaxy-s21-5g-128-gb-samsung-turkiye-garantili-pm-HB000017C1KB
4xx Client Errors # 176 https://www.hepsiburada.com/samsung-galaxy-s21-plus-5g-128-gb-samsung-turkiye-garantili-pm-HB000017C1KL
4xx Client Errors # 177 https://www.hepsiburada.com/samsung-galaxy-s21-ultra-5g-128-gb-samsung-turkiye-garantili-pm-HB000017C1LG
4xx Client Errors # 178 https://www.hepsiburada.com/xiaomi-mi-10-256-gb-5g-xiaomi-turkiye-garantili-pm-HB00000SKNNP
4xx Client Errors # 179 https://www.hepsiburada.com/xiaomi-mi-note-10-128-gb-xiaomi-turkiye-garantili-pm-HB00000P3RNR
4xx Client Errors # 180 https://www.hepsiburada.com/xiaomi-redmi-note-9-128-gb-xiaomi-turkiye-garantili-pm-HB00000UGU4B
4xx Client Errors # 181 https://www.hepsiburada.com/kampanyalar/sevgililer-gunu-hediyesi
4xx Client Errors # 182 https://www.hepsiburada.com/kampanyalar/anneler-gunu-hediyesi
4xx Client Errors # 183 https://www.hepsiburada.com/kampanyalar/yilbasi-hediyeleri
4xx Client Errors # 184 https://www.hepsiburada.com/kampanyalar/babalar-gunu-hediyesi
4xx Client Errors # 185 https://www.hepsiburada.com/apple-airpods-2-nesil-bluetooth-kulaklik-mv7n2tu-a-apple-turkiye-garantili-pm-HB00000KXK5C
4xx Client Errors # 186 https://www.hepsiburada.com/playstation-5-konsol-c-80757006
4xx Client Errors # 187 https://www.hepsiburada.com/xiaomi-mi-band-5-akilli-bileklik-global-versiyon-pm-HB00000V3WEB
4xx Client Errors # 188 https://www.hepsiburada.com/evony-yumusak-elastik-kulakli-maske-100-adet-pm-HB00000WECJG
4xx Client Errors # 189 https://www.hepsiburada.com/bluetooth-kulakliklar-c-16218
4xx Client Errors # 190 https://www.hepsiburada.com/guvenlik-maskeleri-c-60002018
4xx Client Errors # 191 https://www.hepsifly.com/
4xx Client Errors # 192 https://www.hepsiburada.com/okul-cantalari-c-21005092
4xx Client Errors # 193 https://www.hepsiburada.com/tum-kategoriler
4xx Client Errors # 194 https://www.hepsiburada.com/magaza
4xx Client Errors # 195 https://www.hepsiburada.com/avon
4xx Client Errors # 196 https://www.hepsiburada.com/samsung
4xx Client Errors # 197 https://www.hepsiburada.com/adidas
4xx Client Errors # 198 https://www.hepsiburada.com/nike
4xx Client Errors # 199 https://www.hepsiburada.com/apple
4xx Client Errors # 200 https://www.hepsiburada.com/vestel
4xx Client Errors # 201 https://www.hepsiburada.com/bosch
4xx Client Errors # 202 https://www.hepsiburada.com/newbalance
4xx Client Errors # 203 https://www.hepsiburada.com/defacto
4xx Client Errors # 204 https://www.hepsiburada.com/lacoste
4xx Client Errors # 205 https://www.hepsiburada.com/asus
4xx Client Errors # 206 https://www.hepsiburada.com/lego
4xx Client Errors # 207 https://www.hepsiburada.com/koton
4xx Client Errors # 208 https://www.hepsiburada.com/fairy/bulasik-makinasi-tablet-jeller-c-28002654
4xx Client Errors # 209 https://www.hepsiburada.com/mavi
4xx Client Errors # 210 https://www.hepsiburada.com/underarmour
4xx Client Errors # 211 https://www.hepsiburada.com/wasa
4xx Client Errors # 212 https://www.hepsiburada.com/markalar
Valid Link # 213 https://www.facebook.com/Hepsiburada
Valid Link # 214 https://twitter.com/hepsiburada
4xx Client Errors # 215 https://www.linkedin.com/company/hepsiburada
Valid Link # 218 https://www.youtube.com/hepsiburada
4xx Client Errors # 219 https://www.hepsiburada.com/odeme-secenekleri
4xx Client Errors # 220 https://www.hepsiburada.com/banka-kampanyalari
4xx Client Errors # 221 https://www.hepsiburada.com/cozummerkezi
4xx Client Errors # 223 https://web.whatsapp.com/send?phone=908502524000
Valid Link # 225 https://play.google.com/store/apps/details?id=com.pozitron.hepsiburada&feature=search_result#?t=W251bGwsMSwxLDEsImNvbS5wb3ppdHJvbi5oZXBzaWJ1cmFkYSJd
Valid Link # 226 https://hps.im/1t9
4xx Client Errors # 227 https://www.hepsiburada.com/etekler-c-12087197
4xx Client Errors # 228 https://www.hepsiburada.com/elbiseler-c-12087202
4xx Client Errors # 229 https://www.hepsiburada.com/tunikler-c-12095591
4xx Client Errors # 230 https://www.hepsiburada.com/trenckotlar-c-60000720
4xx Client Errors # 231 https://www.hepsiburada.com/bayan-ayakkabilar-c-60000116
4xx Client Errors # 232 https://www.hepsiburada.com/spor-ayakkabilar-c-384551
4xx Client Errors # 233 https://www.hepsiburada.com/abiye-elbiseler-c-12024561
4xx Client Errors # 234 https://www.hepsiburada.com/bayan-cantalari-c-60000163
4xx Client Errors # 235 https://www.hepsiburada.com/ara?q=nike+air+force
4xx Client Errors # 236 https://www.hepsiburada.com/ara?q=nike+air+max
Valid Link # 240 https://www.guvendamgasi.org.tr/firmadetay.php?Guid=5456fc2e-7e4c-11ea-8718-48df373f4850
Valid Link # 241 https://etbis.eticaret.gov.tr/sitedogrulama/8196FDEF645148A88D019AF721915768
4xx Client Errors # 244 https://www.hepsiburada.com/kesfet/
Valid Link # 245 https://etbis.eticaret.gov.tr/sitedogrulama/8196FDEF645148A88D019AF721915768
4xx Client Errors # 247 https://www.hepsiburada.com/ara?q=samsung#
