{"logLevel":"debug","message":"multithreading is set to false"}
{"logLevel":"debug","message":"Using reflection to scan dependencies for gauge implementations..."}
{"logLevel":"debug","message":"gauge-java took 690milliseconds to load and scan. This should be less than 'runner_connection_timeout' config value."}
{"logLevel":"debug","message":"run 'gauge config runner_connection_timeout' and verify that it is < 690"}
{"logLevel":"debug","message":"starting gRPC server..."}
{"logLevel":"debug","message":"started gRPC server on port 64791"}
{"logLevel":"info","message":"Listening on port:64791"}
{"logLevel":"debug","message":"Scanning packages for steps"}
{"logLevel":"debug","message":"Comparing 'StepImplementation.getUrl' and 'StepImplementation.getUrl'"}
{"logLevel":"debug","message":"Found Check url contains {} in current project scope."}
{"logLevel":"debug","message":"Comparing 'StepImplementation.writeDiff' and 'StepImplementation.writeDiff'"}
{"logLevel":"debug","message":"Found write difference value to txt file in current project scope."}
{"logLevel":"debug","message":"Comparing 'StepImplementation.clickClothingBtn' and 'StepImplementation.clickClothingBtn'"}
{"logLevel":"debug","message":"Found Click clothing menu in current project scope."}
{"logLevel":"debug","message":"Comparing 'StepImplementation.getTitleAndCheck' and 'StepImplementation.getTitleAndCheck'"}
{"logLevel":"debug","message":"Found Title :{} kontrol in current project scope."}
{"logLevel":"debug","message":"Comparing 'StepImplementation.printPricesAndFormat' and 'StepImplementation.printPricesAndFormat'"}
{"logLevel":"debug","message":"Found Print prices in current project scope."}
{"logLevel":"debug","message":"Comparing 'StepImplementation.findFirstDiscountedProduct' and 'StepImplementation.findFirstDiscountedProduct'"}
{"logLevel":"debug","message":"Found First discounted product in current project scope."}
{"logLevel":"debug","message":"Comparing 'StepImplementation.hoverWoman' and 'StepImplementation.hoverWoman'"}
{"logLevel":"debug","message":"Found hover on woman menu in current project scope."}
{"logLevel":"debug","message":"Comparing 'StepImplementation.title' and 'StepImplementation.title'"}
{"logLevel":"debug","message":"Found {} ss in current project scope."}
{"logLevel":"debug","message":"Scanning packages for hooks"}
{"logLevel":"debug","message":"Scanned steps (using static parsing + reflections): "}
{"logLevel":"debug","message":"\t{} ss : public void title(String text) throws InterruptedException"}
{"logLevel":"debug","message":"\tFirst discounted product : public void findFirstDiscountedProduct()"}
{"logLevel":"debug","message":"\twrite difference value to txt file : public void writeDiff() throws IOException"}
{"logLevel":"debug","message":"\tPrint prices : public void printPricesAndFormat()"}
{"logLevel":"debug","message":"\thover on woman menu : public void hoverWoman()"}
{"logLevel":"debug","message":"\tCheck url contains {} : public void getUrl(String text)"}
{"logLevel":"debug","message":"\tClick clothing menu : public void clickClothingBtn()"}
{"logLevel":"debug","message":"\tTitle :{} kontrol : public void getTitleAndCheck(String text)"}
Starting ChromeDriver 89.0.4389.23 (61b08ee2c50024bab004e48d2b1b083cdbdac579-refs/branch-heads/4389@{#294}) on port 42672
Only local connections are allowed.
Please see https://chromedriver.chromium.org/security-considerations for suggestions on keeping ChromeDriver safe.
ChromeDriver was started successfully.
Mar 20, 2021 10:42:23 PM org.openqa.selenium.remote.ProtocolHandshake createSession
INFO: Detected dialect: W3C
{"logLevel":"debug","message":"Executing 'Title :{} kontrol' using 'class StepImplementation.getTitleAndCheck"}
{"logLevel":"debug","message":"Executing 'hover on woman menu' using 'class StepImplementation.hoverWoman"}
{"logLevel":"debug","message":"Executing 'Click clothing menu' using 'class StepImplementation.clickClothingBtn"}
{"logLevel":"debug","message":"Executing 'Check url contains {}' using 'class StepImplementation.getUrl"}
{"logLevel":"debug","message":"Executing 'First discounted product' using 'class StepImplementation.findFirstDiscountedProduct"}
First discounted product name : Siyah Yüksek Bel Skinny Jean Pantolon
{"logLevel":"debug","message":"Executing 'Print prices' using 'class StepImplementation.printPricesAndFormat"}
Old price: 1.599,00 TL
New price: 949,00 TL
{"logLevel":"debug","message":"Executing 'write difference value to txt file' using 'class StepImplementation.writeDiff"}
