{"logLevel":"debug","message":"multithreading is set to false"}
{"logLevel":"debug","message":"Using reflection to scan dependencies for gauge implementations..."}
{"logLevel":"debug","message":"gauge-java took 800milliseconds to load and scan. This should be less than 'runner_connection_timeout' config value."}
{"logLevel":"debug","message":"run 'gauge config runner_connection_timeout' and verify that it is < 800"}
{"logLevel":"debug","message":"starting gRPC server..."}
{"logLevel":"debug","message":"started gRPC server on port 56834"}
{"logLevel":"info","message":"Listening on port:56834"}
{"logLevel":"debug","message":"Scanning packages for steps"}
{"logLevel":"debug","message":"Comparing 'StepImplementation.getUrl' and 'StepImplementation.getUrl'"}
{"logLevel":"debug","message":"Found Check url contains {} in current project scope."}
{"logLevel":"debug","message":"Comparing 'StepImplementation.writeDiff' and 'StepImplementation.writeDiff'"}
{"logLevel":"debug","message":"Found Write difference value to txt file in current project scope."}
{"logLevel":"debug","message":"Comparing 'StepImplementation.clickClothingBtn' and 'StepImplementation.clickClothingBtn'"}
{"logLevel":"debug","message":"Found Click clothing menu in current project scope."}
{"logLevel":"debug","message":"Comparing 'StepImplementation.getTitleAndCheck' and 'StepImplementation.getTitleAndCheck'"}
{"logLevel":"debug","message":"Found Title :{} control in current project scope."}
{"logLevel":"debug","message":"Comparing 'StepImplementation.eee' and 'StepImplementation.eee'"}
{"logLevel":"debug","message":"Found We in current project scope."}
{"logLevel":"debug","message":"Comparing 'StepImplementation.printPricesAndFormat' and 'StepImplementation.printPricesAndFormat'"}
{"logLevel":"debug","message":"Found Print prices in current project scope."}
{"logLevel":"debug","message":"Comparing 'StepImplementation.findFirstDiscountedProduct' and 'StepImplementation.findFirstDiscountedProduct'"}
{"logLevel":"debug","message":"Found First discounted product in current project scope."}
{"logLevel":"debug","message":"Comparing 'StepImplementation.hoverWoman' and 'StepImplementation.hoverWoman'"}
{"logLevel":"debug","message":"Found Hover on woman menu in current project scope."}
{"logLevel":"debug","message":"Scanning packages for hooks"}
{"logLevel":"debug","message":"Scanned steps (using static parsing + reflections): "}
{"logLevel":"debug","message":"\tFirst discounted product : public void findFirstDiscountedProduct()"}
{"logLevel":"debug","message":"\tTitle :{} control : public void getTitleAndCheck(String text)"}
{"logLevel":"debug","message":"\tPrint prices : public void printPricesAndFormat()"}
{"logLevel":"debug","message":"\tCheck url contains {} : public void getUrl(String text)"}
{"logLevel":"debug","message":"\tWrite difference value to txt file : public void writeDiff() throws IOException"}
{"logLevel":"debug","message":"\tHover on woman menu : public void hoverWoman()"}
{"logLevel":"debug","message":"\tClick clothing menu : public void clickClothingBtn()"}
{"logLevel":"debug","message":"\tWe : public void eee() throws IOException"}
Starting ChromeDriver 89.0.4389.23 (61b08ee2c50024bab004e48d2b1b083cdbdac579-refs/branch-heads/4389@{#294}) on port 47962
Only local connections are allowed.
Please see https://chromedriver.chromium.org/security-considerations for suggestions on keeping ChromeDriver safe.
ChromeDriver was started successfully.
Mar 23, 2021 12:29:54 AM org.openqa.selenium.remote.ProtocolHandshake createSession
INFO: Detected dialect: W3C
{"logLevel":"debug","message":"Executing 'Title :{} control' using 'class StepImplementation.getTitleAndCheck"}
{"logLevel":"debug","message":"Executing 'Hover on woman menu' using 'class StepImplementation.hoverWoman"}
{"logLevel":"debug","message":"Executing 'Click clothing menu' using 'class StepImplementation.clickClothingBtn"}
{"logLevel":"debug","message":"Executing 'Check url contains {}' using 'class StepImplementation.getUrl"}
{"logLevel":"debug","message":"Executing 'We' using 'class StepImplementation.eee"}
{"logLevel":"debug","message":"Executing 'First discounted product' using 'class StepImplementation.findFirstDiscountedProduct"}
First discounted product name : Beyaz Logolu Omzu Düğmeli Atlet
{"logLevel":"debug","message":"Executing 'Print prices' using 'class StepImplementation.printPricesAndFormat"}
Old price: 2.649,00 TL
New price: 789,00 TL
{"logLevel":"debug","message":"Executing 'Write difference value to txt file' using 'class StepImplementation.writeDiff"}
